<?xml version="1.0" encoding="UTF-8"?>
<testsuite xmlns:xsi="http://www.w3.org/2001/XMLSchema-instance" xsi:noNamespaceSchemaLocation="https://maven.apache.org/surefire/maven-surefire-plugin/xsd/surefire-test-report-3.0.xsd" version="3.0" name="com.anze.OSSTest" time="5.747" tests="1" errors="0" skipped="0" failures="0">
  <properties>
    <property name="java.specification.version" value="17"/>
    <property name="sun.cpu.isalist" value="amd64"/>
    <property name="sun.jnu.encoding" value="GBK"/>
    <property name="java.class.path" value="D:\AnzeBlog\AnzeBlog\Anze-blog\target\test-classes;D:\AnzeBlog\AnzeBlog\Anze-blog\target\classes;D:\AnzeBlog\AnzeBlog\Anze-framework\target\Anze-framework-1.0-SNAPSHOT.jar;d:\Programs\Maven\maven-repo\org\springframework\boot\spring-boot-starter-web\2.6.11\spring-boot-starter-web-2.6.11.jar;d:\Programs\Maven\maven-repo\org\springframework\boot\spring-boot-starter\2.6.11\spring-boot-starter-2.6.11.jar;d:\Programs\Maven\maven-repo\org\springframework\boot\spring-boot\2.6.11\spring-boot-2.6.11.jar;d:\Programs\Maven\maven-repo\org\springframework\boot\spring-boot-starter-logging\2.6.11\spring-boot-starter-logging-2.6.11.jar;d:\Programs\Maven\maven-repo\ch\qos\logback\logback-classic\1.2.11\logback-classic-1.2.11.jar;d:\Programs\Maven\maven-repo\ch\qos\logback\logback-core\1.2.11\logback-core-1.2.11.jar;d:\Programs\Maven\maven-repo\org\apache\logging\log4j\log4j-to-slf4j\2.17.2\log4j-to-slf4j-2.17.2.jar;d:\Programs\Maven\maven-repo\org\apache\logging\log4j\log4j-api\2.17.2\log4j-api-2.17.2.jar;d:\Programs\Maven\maven-repo\org\slf4j\jul-to-slf4j\1.7.36\jul-to-slf4j-1.7.36.jar;d:\Programs\Maven\maven-repo\jakarta\annotation\jakarta.annotation-api\1.3.5\jakarta.annotation-api-1.3.5.jar;d:\Programs\Maven\maven-repo\org\yaml\snakeyaml\1.29\snakeyaml-1.29.jar;d:\Programs\Maven\maven-repo\org\springframework\boot\spring-boot-starter-json\2.6.11\spring-boot-starter-json-2.6.11.jar;d:\Programs\Maven\maven-repo\com\fasterxml\jackson\datatype\jackson-datatype-jdk8\2.13.3\jackson-datatype-jdk8-2.13.3.jar;d:\Programs\Maven\maven-repo\com\fasterxml\jackson\datatype\jackson-datatype-jsr310\2.13.3\jackson-datatype-jsr310-2.13.3.jar;d:\Programs\Maven\maven-repo\com\fasterxml\jackson\module\jackson-module-parameter-names\2.13.3\jackson-module-parameter-names-2.13.3.jar;d:\Programs\Maven\maven-repo\org\springframework\boot\spring-boot-starter-tomcat\2.6.11\spring-boot-starter-tomcat-2.6.11.jar;d:\Programs\Maven\maven-repo\org\apache\tomcat\embed\tomcat-embed-core\9.0.65\tomcat-embed-core-9.0.65.jar;d:\Programs\Maven\maven-repo\org\apache\tomcat\embed\tomcat-embed-el\9.0.65\tomcat-embed-el-9.0.65.jar;d:\Programs\Maven\maven-repo\org\apache\tomcat\embed\tomcat-embed-websocket\9.0.65\tomcat-embed-websocket-9.0.65.jar;d:\Programs\Maven\maven-repo\org\springframework\spring-web\5.3.22\spring-web-5.3.22.jar;d:\Programs\Maven\maven-repo\org\springframework\spring-beans\5.3.22\spring-beans-5.3.22.jar;d:\Programs\Maven\maven-repo\org\springframework\spring-webmvc\5.3.22\spring-webmvc-5.3.22.jar;d:\Programs\Maven\maven-repo\org\springframework\spring-context\5.3.22\spring-context-5.3.22.jar;d:\Programs\Maven\maven-repo\org\springframework\spring-expression\5.3.22\spring-expression-5.3.22.jar;d:\Programs\Maven\maven-repo\org\springframework\boot\spring-boot-starter-test\2.6.11\spring-boot-starter-test-2.6.11.jar;d:\Programs\Maven\maven-repo\org\springframework\boot\spring-boot-test\2.6.11\spring-boot-test-2.6.11.jar;d:\Programs\Maven\maven-repo\org\springframework\boot\spring-boot-test-autoconfigure\2.6.11\spring-boot-test-autoconfigure-2.6.11.jar;d:\Programs\Maven\maven-repo\com\jayway\jsonpath\json-path\2.6.0\json-path-2.6.0.jar;d:\Programs\Maven\maven-repo\net\minidev\json-smart\2.4.8\json-smart-2.4.8.jar;d:\Programs\Maven\maven-repo\net\minidev\accessors-smart\2.4.8\accessors-smart-2.4.8.jar;d:\Programs\Maven\maven-repo\jakarta\xml\bind\jakarta.xml.bind-api\2.3.3\jakarta.xml.bind-api-2.3.3.jar;d:\Programs\Maven\maven-repo\jakarta\activation\jakarta.activation-api\1.2.2\jakarta.activation-api-1.2.2.jar;d:\Programs\Maven\maven-repo\org\assertj\assertj-core\3.21.0\assertj-core-3.21.0.jar;d:\Programs\Maven\maven-repo\org\hamcrest\hamcrest\2.2\hamcrest-2.2.jar;d:\Programs\Maven\maven-repo\org\junit\jupiter\junit-jupiter\5.8.2\junit-jupiter-5.8.2.jar;d:\Programs\Maven\maven-repo\org\junit\jupiter\junit-jupiter-api\5.8.2\junit-jupiter-api-5.8.2.jar;d:\Programs\Maven\maven-repo\org\opentest4j\opentest4j\1.2.0\opentest4j-1.2.0.jar;d:\Programs\Maven\maven-repo\org\junit\platform\junit-platform-commons\1.8.2\junit-platform-commons-1.8.2.jar;d:\Programs\Maven\maven-repo\org\apiguardian\apiguardian-api\1.1.2\apiguardian-api-1.1.2.jar;d:\Programs\Maven\maven-repo\org\junit\jupiter\junit-jupiter-params\5.8.2\junit-jupiter-params-5.8.2.jar;d:\Programs\Maven\maven-repo\org\junit\jupiter\junit-jupiter-engine\5.8.2\junit-jupiter-engine-5.8.2.jar;d:\Programs\Maven\maven-repo\org\junit\platform\junit-platform-engine\1.8.2\junit-platform-engine-1.8.2.jar;d:\Programs\Maven\maven-repo\org\mockito\mockito-core\4.0.0\mockito-core-4.0.0.jar;d:\Programs\Maven\maven-repo\net\bytebuddy\byte-buddy\1.11.22\byte-buddy-1.11.22.jar;d:\Programs\Maven\maven-repo\net\bytebuddy\byte-buddy-agent\1.11.22\byte-buddy-agent-1.11.22.jar;d:\Programs\Maven\maven-repo\org\objenesis\objenesis\3.2\objenesis-3.2.jar;d:\Programs\Maven\maven-repo\org\mockito\mockito-junit-jupiter\4.0.0\mockito-junit-jupiter-4.0.0.jar;d:\Programs\Maven\maven-repo\org\skyscreamer\jsonassert\1.5.1\jsonassert-1.5.1.jar;d:\Programs\Maven\maven-repo\com\vaadin\external\google\android-json\0.0.20131108.vaadin1\android-json-0.0.20131108.vaadin1.jar;d:\Programs\Maven\maven-repo\org\springframework\spring-core\5.3.22\spring-core-5.3.22.jar;d:\Programs\Maven\maven-repo\org\springframework\spring-jcl\5.3.22\spring-jcl-5.3.22.jar;d:\Programs\Maven\maven-repo\org\springframework\spring-test\5.3.22\spring-test-5.3.22.jar;d:\Programs\Maven\maven-repo\org\xmlunit\xmlunit-core\2.8.4\xmlunit-core-2.8.4.jar;d:\Programs\Maven\maven-repo\org\springframework\boot\spring-boot-starter-security\2.6.11\spring-boot-starter-security-2.6.11.jar;d:\Programs\Maven\maven-repo\org\springframework\spring-aop\5.3.22\spring-aop-5.3.22.jar;d:\Programs\Maven\maven-repo\org\springframework\security\spring-security-config\5.6.7\spring-security-config-5.6.7.jar;d:\Programs\Maven\maven-repo\org\springframework\security\spring-security-core\5.6.7\spring-security-core-5.6.7.jar;d:\Programs\Maven\maven-repo\org\springframework\security\spring-security-crypto\5.6.7\spring-security-crypto-5.6.7.jar;d:\Programs\Maven\maven-repo\org\springframework\security\spring-security-web\5.6.7\spring-security-web-5.6.7.jar;d:\Programs\Maven\maven-repo\org\springframework\boot\spring-boot-starter-data-redis\2.6.11\spring-boot-starter-data-redis-2.6.11.jar;d:\Programs\Maven\maven-repo\org\springframework\data\spring-data-redis\2.6.6\spring-data-redis-2.6.6.jar;d:\Programs\Maven\maven-repo\org\springframework\data\spring-data-keyvalue\2.6.6\spring-data-keyvalue-2.6.6.jar;d:\Programs\Maven\maven-repo\org\springframework\data\spring-data-commons\2.6.6\spring-data-commons-2.6.6.jar;d:\Programs\Maven\maven-repo\org\springframework\spring-tx\5.3.22\spring-tx-5.3.22.jar;d:\Programs\Maven\maven-repo\org\springframework\spring-oxm\5.3.22\spring-oxm-5.3.22.jar;d:\Programs\Maven\maven-repo\org\springframework\spring-context-support\5.3.22\spring-context-support-5.3.22.jar;d:\Programs\Maven\maven-repo\io\lettuce\lettuce-core\6.1.9.RELEASE\lettuce-core-6.1.9.RELEASE.jar;d:\Programs\Maven\maven-repo\io\netty\netty-common\4.1.79.Final\netty-common-4.1.79.Final.jar;d:\Programs\Maven\maven-repo\io\netty\netty-handler\4.1.79.Final\netty-handler-4.1.79.Final.jar;d:\Programs\Maven\maven-repo\io\netty\netty-resolver\4.1.79.Final\netty-resolver-4.1.79.Final.jar;d:\Programs\Maven\maven-repo\io\netty\netty-buffer\4.1.79.Final\netty-buffer-4.1.79.Final.jar;d:\Programs\Maven\maven-repo\io\netty\netty-transport-native-unix-common\4.1.79.Final\netty-transport-native-unix-common-4.1.79.Final.jar;d:\Programs\Maven\maven-repo\io\netty\netty-codec\4.1.79.Final\netty-codec-4.1.79.Final.jar;d:\Programs\Maven\maven-repo\io\netty\netty-transport\4.1.79.Final\netty-transport-4.1.79.Final.jar;d:\Programs\Maven\maven-repo\io\projectreactor\reactor-core\3.4.22\reactor-core-3.4.22.jar;d:\Programs\Maven\maven-repo\org\reactivestreams\reactive-streams\1.0.4\reactive-streams-1.0.4.jar;d:\Programs\Maven\maven-repo\com\alibaba\fastjson\1.2.54\fastjson-1.2.54.jar;d:\Programs\Maven\maven-repo\io\jsonwebtoken\jjwt\0.9.1\jjwt-0.9.1.jar;d:\Programs\Maven\maven-repo\com\fasterxml\jackson\core\jackson-databind\2.13.3\jackson-databind-2.13.3.jar;d:\Programs\Maven\maven-repo\com\fasterxml\jackson\core\jackson-annotations\2.13.3\jackson-annotations-2.13.3.jar;d:\Programs\Maven\maven-repo\com\fasterxml\jackson\core\jackson-core\2.13.3\jackson-core-2.13.3.jar;d:\Programs\Maven\maven-repo\com\baomidou\mybatis-plus-boot-starter\3.5.2\mybatis-plus-boot-starter-3.5.2.jar;d:\Programs\Maven\maven-repo\com\baomidou\mybatis-plus\3.5.2\mybatis-plus-3.5.2.jar;d:\Programs\Maven\maven-repo\com\baomidou\mybatis-plus-extension\3.5.2\mybatis-plus-extension-3.5.2.jar;d:\Programs\Maven\maven-repo\com\baomidou\mybatis-plus-core\3.5.2\mybatis-plus-core-3.5.2.jar;d:\Programs\Maven\maven-repo\com\baomidou\mybatis-plus-annotation\3.5.2\mybatis-plus-annotation-3.5.2.jar;d:\Programs\Maven\maven-repo\com\github\jsqlparser\jsqlparser\4.4\jsqlparser-4.4.jar;d:\Programs\Maven\maven-repo\org\mybatis\mybatis\3.5.10\mybatis-3.5.10.jar;d:\Programs\Maven\maven-repo\org\mybatis\mybatis-spring\2.0.7\mybatis-spring-2.0.7.jar;d:\Programs\Maven\maven-repo\org\jetbrains\kotlin\kotlin-stdlib-jdk8\1.6.21\kotlin-stdlib-jdk8-1.6.21.jar;d:\Programs\Maven\maven-repo\org\jetbrains\kotlin\kotlin-stdlib\1.6.21\kotlin-stdlib-1.6.21.jar;d:\Programs\Maven\maven-repo\org\jetbrains\kotlin\kotlin-stdlib-common\1.6.21\kotlin-stdlib-common-1.6.21.jar;d:\Programs\Maven\maven-repo\org\jetbrains\annotations\13.0\annotations-13.0.jar;d:\Programs\Maven\maven-repo\org\jetbrains\kotlin\kotlin-stdlib-jdk7\1.6.21\kotlin-stdlib-jdk7-1.6.21.jar;d:\Programs\Maven\maven-repo\org\springframework\boot\spring-boot-autoconfigure\2.6.11\spring-boot-autoconfigure-2.6.11.jar;d:\Programs\Maven\maven-repo\org\springframework\boot\spring-boot-starter-jdbc\2.6.11\spring-boot-starter-jdbc-2.6.11.jar;d:\Programs\Maven\maven-repo\com\zaxxer\HikariCP\4.0.3\HikariCP-4.0.3.jar;d:\Programs\Maven\maven-repo\org\springframework\spring-jdbc\5.3.22\spring-jdbc-5.3.22.jar;d:\Programs\Maven\maven-repo\mysql\mysql-connector-java\8.0.19\mysql-connector-java-8.0.19.jar;d:\Programs\Maven\maven-repo\com\google\protobuf\protobuf-java\3.6.1\protobuf-java-3.6.1.jar;d:\Programs\Maven\maven-repo\com\aliyun\oss\aliyun-sdk-oss\3.10.2\aliyun-sdk-oss-3.10.2.jar;d:\Programs\Maven\maven-repo\org\apache\httpcomponents\httpclient\4.5.13\httpclient-4.5.13.jar;d:\Programs\Maven\maven-repo\org\apache\httpcomponents\httpcore\4.4.15\httpcore-4.4.15.jar;d:\Programs\Maven\maven-repo\commons-codec\commons-codec\1.15\commons-codec-1.15.jar;d:\Programs\Maven\maven-repo\org\jdom\jdom2\2.0.6.1\jdom2-2.0.6.1.jar;d:\Programs\Maven\maven-repo\org\codehaus\jettison\jettison\1.1\jettison-1.1.jar;d:\Programs\Maven\maven-repo\stax\stax-api\1.0.1\stax-api-1.0.1.jar;d:\Programs\Maven\maven-repo\com\aliyun\aliyun-java-sdk-core\3.4.0\aliyun-java-sdk-core-3.4.0.jar;d:\Programs\Maven\maven-repo\com\aliyun\aliyun-java-sdk-ram\3.0.0\aliyun-java-sdk-ram-3.0.0.jar;d:\Programs\Maven\maven-repo\com\aliyun\aliyun-java-sdk-sts\3.0.0\aliyun-java-sdk-sts-3.0.0.jar;d:\Programs\Maven\maven-repo\com\aliyun\aliyun-java-sdk-ecs\4.2.0\aliyun-java-sdk-ecs-4.2.0.jar;d:\Programs\Maven\maven-repo\com\aliyun\aliyun-java-sdk-kms\2.7.0\aliyun-java-sdk-kms-2.7.0.jar;d:\Programs\Maven\maven-repo\org\springframework\boot\spring-boot-starter-aop\2.6.11\spring-boot-starter-aop-2.6.11.jar;d:\Programs\Maven\maven-repo\org\aspectj\aspectjweaver\1.9.7\aspectjweaver-1.9.7.jar;d:\Programs\Maven\maven-repo\com\alibaba\easyexcel\3.0.5\easyexcel-3.0.5.jar;d:\Programs\Maven\maven-repo\org\apache\poi\poi\4.1.2\poi-4.1.2.jar;d:\Programs\Maven\maven-repo\org\apache\commons\commons-collections4\4.4\commons-collections4-4.4.jar;d:\Programs\Maven\maven-repo\org\apache\commons\commons-math3\3.6.1\commons-math3-3.6.1.jar;d:\Programs\Maven\maven-repo\com\zaxxer\SparseBitSet\1.2\SparseBitSet-1.2.jar;d:\Programs\Maven\maven-repo\org\apache\poi\poi-ooxml\4.1.2\poi-ooxml-4.1.2.jar;d:\Programs\Maven\maven-repo\org\apache\commons\commons-compress\1.19\commons-compress-1.19.jar;d:\Programs\Maven\maven-repo\com\github\virtuald\curvesapi\1.06\curvesapi-1.06.jar;d:\Programs\Maven\maven-repo\org\apache\poi\poi-ooxml-schemas\4.1.2\poi-ooxml-schemas-4.1.2.jar;d:\Programs\Maven\maven-repo\org\apache\xmlbeans\xmlbeans\3.1.0\xmlbeans-3.1.0.jar;d:\Programs\Maven\maven-repo\org\apache\commons\commons-csv\1.8\commons-csv-1.8.jar;d:\Programs\Maven\maven-repo\cglib\cglib\3.3.0\cglib-3.3.0.jar;d:\Programs\Maven\maven-repo\org\ow2\asm\asm\7.1\asm-7.1.jar;d:\Programs\Maven\maven-repo\org\slf4j\slf4j-api\1.7.36\slf4j-api-1.7.36.jar;d:\Programs\Maven\maven-repo\org\ehcache\ehcache\3.9.9\ehcache-3.9.9.jar;d:\Programs\Maven\maven-repo\io\springfox\springfox-swagger2\2.9.2\springfox-swagger2-2.9.2.jar;d:\Programs\Maven\maven-repo\io\swagger\swagger-annotations\1.5.20\swagger-annotations-1.5.20.jar;d:\Programs\Maven\maven-repo\io\swagger\swagger-models\1.5.20\swagger-models-1.5.20.jar;d:\Programs\Maven\maven-repo\io\springfox\springfox-spi\2.9.2\springfox-spi-2.9.2.jar;d:\Programs\Maven\maven-repo\io\springfox\springfox-core\2.9.2\springfox-core-2.9.2.jar;d:\Programs\Maven\maven-repo\io\springfox\springfox-schema\2.9.2\springfox-schema-2.9.2.jar;d:\Programs\Maven\maven-repo\io\springfox\springfox-swagger-common\2.9.2\springfox-swagger-common-2.9.2.jar;d:\Programs\Maven\maven-repo\io\springfox\springfox-spring-web\2.9.2\springfox-spring-web-2.9.2.jar;d:\Programs\Maven\maven-repo\com\google\guava\guava\20.0\guava-20.0.jar;d:\Programs\Maven\maven-repo\com\fasterxml\classmate\1.5.1\classmate-1.5.1.jar;d:\Programs\Maven\maven-repo\org\springframework\plugin\spring-plugin-core\1.2.0.RELEASE\spring-plugin-core-1.2.0.RELEASE.jar;d:\Programs\Maven\maven-repo\org\springframework\plugin\spring-plugin-metadata\1.2.0.RELEASE\spring-plugin-metadata-1.2.0.RELEASE.jar;d:\Programs\Maven\maven-repo\org\mapstruct\mapstruct\1.2.0.Final\mapstruct-1.2.0.Final.jar;d:\Programs\Maven\maven-repo\io\springfox\springfox-swagger-ui\2.9.2\springfox-swagger-ui-2.9.2.jar;d:\Programs\Maven\maven-repo\javax\xml\bind\jaxb-api\2.3.1\jaxb-api-2.3.1.jar;d:\Programs\Maven\maven-repo\javax\activation\javax.activation-api\1.2.0\javax.activation-api-1.2.0.jar;d:\Programs\Maven\maven-repo\com\qiniu\qiniu-java-sdk\7.10.4\qiniu-java-sdk-7.10.4.jar;d:\Programs\Maven\maven-repo\org\projectlombok\lombok\1.18.24\lombok-1.18.24.jar;d:\Programs\Maven\maven-repo\com\squareup\okhttp3\okhttp\3.14.9\okhttp-3.14.9.jar;d:\Programs\Maven\maven-repo\com\squareup\okio\okio\1.17.2\okio-1.17.2.jar;d:\Programs\Maven\maven-repo\com\google\code\gson\gson\2.8.9\gson-2.8.9.jar;"/>
    <property name="java.vm.vendor" value="Oracle Corporation"/>
    <property name="sun.arch.data.model" value="64"/>
    <property name="user.variant" value=""/>
    <property name="java.vendor.url" value="https://java.oracle.com/"/>
    <property name="user.timezone" value="Asia/Shanghai"/>
    <property name="os.name" value="Windows 10"/>
    <property name="java.vm.specification.version" value="17"/>
    <property name="sun.java.launcher" value="SUN_STANDARD"/>
    <property name="user.country" value="CN"/>
    <property name="sun.boot.library.path" value="D:\Program Files\Java\jdk-17.0.2\bin"/>
    <property name="sun.java.command" value="C:\Users\admin\AppData\Local\Temp\surefire18186813346219470930\surefirebooter-20230514144802237_3.jar C:\Users\admin\AppData\Local\Temp\surefire18186813346219470930 2023-05-14T14-47-53_373-jvmRun1 surefire-20230514144802237_1tmp surefire_0-20230514144802237_2tmp"/>
    <property name="jdk.debug" value="release"/>
    <property name="surefire.test.class.path" value="D:\AnzeBlog\AnzeBlog\Anze-blog\target\test-classes;D:\AnzeBlog\AnzeBlog\Anze-blog\target\classes;D:\AnzeBlog\AnzeBlog\Anze-framework\target\Anze-framework-1.0-SNAPSHOT.jar;d:\Programs\Maven\maven-repo\org\springframework\boot\spring-boot-starter-web\2.6.11\spring-boot-starter-web-2.6.11.jar;d:\Programs\Maven\maven-repo\org\springframework\boot\spring-boot-starter\2.6.11\spring-boot-starter-2.6.11.jar;d:\Programs\Maven\maven-repo\org\springframework\boot\spring-boot\2.6.11\spring-boot-2.6.11.jar;d:\Programs\Maven\maven-repo\org\springframework\boot\spring-boot-starter-logging\2.6.11\spring-boot-starter-logging-2.6.11.jar;d:\Programs\Maven\maven-repo\ch\qos\logback\logback-classic\1.2.11\logback-classic-1.2.11.jar;d:\Programs\Maven\maven-repo\ch\qos\logback\logback-core\1.2.11\logback-core-1.2.11.jar;d:\Programs\Maven\maven-repo\org\apache\logging\log4j\log4j-to-slf4j\2.17.2\log4j-to-slf4j-2.17.2.jar;d:\Programs\Maven\maven-repo\org\apache\logging\log4j\log4j-api\2.17.2\log4j-api-2.17.2.jar;d:\Programs\Maven\maven-repo\org\slf4j\jul-to-slf4j\1.7.36\jul-to-slf4j-1.7.36.jar;d:\Programs\Maven\maven-repo\jakarta\annotation\jakarta.annotation-api\1.3.5\jakarta.annotation-api-1.3.5.jar;d:\Programs\Maven\maven-repo\org\yaml\snakeyaml\1.29\snakeyaml-1.29.jar;d:\Programs\Maven\maven-repo\org\springframework\boot\spring-boot-starter-json\2.6.11\spring-boot-starter-json-2.6.11.jar;d:\Programs\Maven\maven-repo\com\fasterxml\jackson\datatype\jackson-datatype-jdk8\2.13.3\jackson-datatype-jdk8-2.13.3.jar;d:\Programs\Maven\maven-repo\com\fasterxml\jackson\datatype\jackson-datatype-jsr310\2.13.3\jackson-datatype-jsr310-2.13.3.jar;d:\Programs\Maven\maven-repo\com\fasterxml\jackson\module\jackson-module-parameter-names\2.13.3\jackson-module-parameter-names-2.13.3.jar;d:\Programs\Maven\maven-repo\org\springframework\boot\spring-boot-starter-tomcat\2.6.11\spring-boot-starter-tomcat-2.6.11.jar;d:\Programs\Maven\maven-repo\org\apache\tomcat\embed\tomcat-embed-core\9.0.65\tomcat-embed-core-9.0.65.jar;d:\Programs\Maven\maven-repo\org\apache\tomcat\embed\tomcat-embed-el\9.0.65\tomcat-embed-el-9.0.65.jar;d:\Programs\Maven\maven-repo\org\apache\tomcat\embed\tomcat-embed-websocket\9.0.65\tomcat-embed-websocket-9.0.65.jar;d:\Programs\Maven\maven-repo\org\springframework\spring-web\5.3.22\spring-web-5.3.22.jar;d:\Programs\Maven\maven-repo\org\springframework\spring-beans\5.3.22\spring-beans-5.3.22.jar;d:\Programs\Maven\maven-repo\org\springframework\spring-webmvc\5.3.22\spring-webmvc-5.3.22.jar;d:\Programs\Maven\maven-repo\org\springframework\spring-context\5.3.22\spring-context-5.3.22.jar;d:\Programs\Maven\maven-repo\org\springframework\spring-expression\5.3.22\spring-expression-5.3.22.jar;d:\Programs\Maven\maven-repo\org\springframework\boot\spring-boot-starter-test\2.6.11\spring-boot-starter-test-2.6.11.jar;d:\Programs\Maven\maven-repo\org\springframework\boot\spring-boot-test\2.6.11\spring-boot-test-2.6.11.jar;d:\Programs\Maven\maven-repo\org\springframework\boot\spring-boot-test-autoconfigure\2.6.11\spring-boot-test-autoconfigure-2.6.11.jar;d:\Programs\Maven\maven-repo\com\jayway\jsonpath\json-path\2.6.0\json-path-2.6.0.jar;d:\Programs\Maven\maven-repo\net\minidev\json-smart\2.4.8\json-smart-2.4.8.jar;d:\Programs\Maven\maven-repo\net\minidev\accessors-smart\2.4.8\accessors-smart-2.4.8.jar;d:\Programs\Maven\maven-repo\jakarta\xml\bind\jakarta.xml.bind-api\2.3.3\jakarta.xml.bind-api-2.3.3.jar;d:\Programs\Maven\maven-repo\jakarta\activation\jakarta.activation-api\1.2.2\jakarta.activation-api-1.2.2.jar;d:\Programs\Maven\maven-repo\org\assertj\assertj-core\3.21.0\assertj-core-3.21.0.jar;d:\Programs\Maven\maven-repo\org\hamcrest\hamcrest\2.2\hamcrest-2.2.jar;d:\Programs\Maven\maven-repo\org\junit\jupiter\junit-jupiter\5.8.2\junit-jupiter-5.8.2.jar;d:\Programs\Maven\maven-repo\org\junit\jupiter\junit-jupiter-api\5.8.2\junit-jupiter-api-5.8.2.jar;d:\Programs\Maven\maven-repo\org\opentest4j\opentest4j\1.2.0\opentest4j-1.2.0.jar;d:\Programs\Maven\maven-repo\org\junit\platform\junit-platform-commons\1.8.2\junit-platform-commons-1.8.2.jar;d:\Programs\Maven\maven-repo\org\apiguardian\apiguardian-api\1.1.2\apiguardian-api-1.1.2.jar;d:\Programs\Maven\maven-repo\org\junit\jupiter\junit-jupiter-params\5.8.2\junit-jupiter-params-5.8.2.jar;d:\Programs\Maven\maven-repo\org\junit\jupiter\junit-jupiter-engine\5.8.2\junit-jupiter-engine-5.8.2.jar;d:\Programs\Maven\maven-repo\org\junit\platform\junit-platform-engine\1.8.2\junit-platform-engine-1.8.2.jar;d:\Programs\Maven\maven-repo\org\mockito\mockito-core\4.0.0\mockito-core-4.0.0.jar;d:\Programs\Maven\maven-repo\net\bytebuddy\byte-buddy\1.11.22\byte-buddy-1.11.22.jar;d:\Programs\Maven\maven-repo\net\bytebuddy\byte-buddy-agent\1.11.22\byte-buddy-agent-1.11.22.jar;d:\Programs\Maven\maven-repo\org\objenesis\objenesis\3.2\objenesis-3.2.jar;d:\Programs\Maven\maven-repo\org\mockito\mockito-junit-jupiter\4.0.0\mockito-junit-jupiter-4.0.0.jar;d:\Programs\Maven\maven-repo\org\skyscreamer\jsonassert\1.5.1\jsonassert-1.5.1.jar;d:\Programs\Maven\maven-repo\com\vaadin\external\google\android-json\0.0.20131108.vaadin1\android-json-0.0.20131108.vaadin1.jar;d:\Programs\Maven\maven-repo\org\springframework\spring-core\5.3.22\spring-core-5.3.22.jar;d:\Programs\Maven\maven-repo\org\springframework\spring-jcl\5.3.22\spring-jcl-5.3.22.jar;d:\Programs\Maven\maven-repo\org\springframework\spring-test\5.3.22\spring-test-5.3.22.jar;d:\Programs\Maven\maven-repo\org\xmlunit\xmlunit-core\2.8.4\xmlunit-core-2.8.4.jar;d:\Programs\Maven\maven-repo\org\springframework\boot\spring-boot-starter-security\2.6.11\spring-boot-starter-security-2.6.11.jar;d:\Programs\Maven\maven-repo\org\springframework\spring-aop\5.3.22\spring-aop-5.3.22.jar;d:\Programs\Maven\maven-repo\org\springframework\security\spring-security-config\5.6.7\spring-security-config-5.6.7.jar;d:\Programs\Maven\maven-repo\org\springframework\security\spring-security-core\5.6.7\spring-security-core-5.6.7.jar;d:\Programs\Maven\maven-repo\org\springframework\security\spring-security-crypto\5.6.7\spring-security-crypto-5.6.7.jar;d:\Programs\Maven\maven-repo\org\springframework\security\spring-security-web\5.6.7\spring-security-web-5.6.7.jar;d:\Programs\Maven\maven-repo\org\springframework\boot\spring-boot-starter-data-redis\2.6.11\spring-boot-starter-data-redis-2.6.11.jar;d:\Programs\Maven\maven-repo\org\springframework\data\spring-data-redis\2.6.6\spring-data-redis-2.6.6.jar;d:\Programs\Maven\maven-repo\org\springframework\data\spring-data-keyvalue\2.6.6\spring-data-keyvalue-2.6.6.jar;d:\Programs\Maven\maven-repo\org\springframework\data\spring-data-commons\2.6.6\spring-data-commons-2.6.6.jar;d:\Programs\Maven\maven-repo\org\springframework\spring-tx\5.3.22\spring-tx-5.3.22.jar;d:\Programs\Maven\maven-repo\org\springframework\spring-oxm\5.3.22\spring-oxm-5.3.22.jar;d:\Programs\Maven\maven-repo\org\springframework\spring-context-support\5.3.22\spring-context-support-5.3.22.jar;d:\Programs\Maven\maven-repo\io\lettuce\lettuce-core\6.1.9.RELEASE\lettuce-core-6.1.9.RELEASE.jar;d:\Programs\Maven\maven-repo\io\netty\netty-common\4.1.79.Final\netty-common-4.1.79.Final.jar;d:\Programs\Maven\maven-repo\io\netty\netty-handler\4.1.79.Final\netty-handler-4.1.79.Final.jar;d:\Programs\Maven\maven-repo\io\netty\netty-resolver\4.1.79.Final\netty-resolver-4.1.79.Final.jar;d:\Programs\Maven\maven-repo\io\netty\netty-buffer\4.1.79.Final\netty-buffer-4.1.79.Final.jar;d:\Programs\Maven\maven-repo\io\netty\netty-transport-native-unix-common\4.1.79.Final\netty-transport-native-unix-common-4.1.79.Final.jar;d:\Programs\Maven\maven-repo\io\netty\netty-codec\4.1.79.Final\netty-codec-4.1.79.Final.jar;d:\Programs\Maven\maven-repo\io\netty\netty-transport\4.1.79.Final\netty-transport-4.1.79.Final.jar;d:\Programs\Maven\maven-repo\io\projectreactor\reactor-core\3.4.22\reactor-core-3.4.22.jar;d:\Programs\Maven\maven-repo\org\reactivestreams\reactive-streams\1.0.4\reactive-streams-1.0.4.jar;d:\Programs\Maven\maven-repo\com\alibaba\fastjson\1.2.54\fastjson-1.2.54.jar;d:\Programs\Maven\maven-repo\io\jsonwebtoken\jjwt\0.9.1\jjwt-0.9.1.jar;d:\Programs\Maven\maven-repo\com\fasterxml\jackson\core\jackson-databind\2.13.3\jackson-databind-2.13.3.jar;d:\Programs\Maven\maven-repo\com\fasterxml\jackson\core\jackson-annotations\2.13.3\jackson-annotations-2.13.3.jar;d:\Programs\Maven\maven-repo\com\fasterxml\jackson\core\jackson-core\2.13.3\jackson-core-2.13.3.jar;d:\Programs\Maven\maven-repo\com\baomidou\mybatis-plus-boot-starter\3.5.2\mybatis-plus-boot-starter-3.5.2.jar;d:\Programs\Maven\maven-repo\com\baomidou\mybatis-plus\3.5.2\mybatis-plus-3.5.2.jar;d:\Programs\Maven\maven-repo\com\baomidou\mybatis-plus-extension\3.5.2\mybatis-plus-extension-3.5.2.jar;d:\Programs\Maven\maven-repo\com\baomidou\mybatis-plus-core\3.5.2\mybatis-plus-core-3.5.2.jar;d:\Programs\Maven\maven-repo\com\baomidou\mybatis-plus-annotation\3.5.2\mybatis-plus-annotation-3.5.2.jar;d:\Programs\Maven\maven-repo\com\github\jsqlparser\jsqlparser\4.4\jsqlparser-4.4.jar;d:\Programs\Maven\maven-repo\org\mybatis\mybatis\3.5.10\mybatis-3.5.10.jar;d:\Programs\Maven\maven-repo\org\mybatis\mybatis-spring\2.0.7\mybatis-spring-2.0.7.jar;d:\Programs\Maven\maven-repo\org\jetbrains\kotlin\kotlin-stdlib-jdk8\1.6.21\kotlin-stdlib-jdk8-1.6.21.jar;d:\Programs\Maven\maven-repo\org\jetbrains\kotlin\kotlin-stdlib\1.6.21\kotlin-stdlib-1.6.21.jar;d:\Programs\Maven\maven-repo\org\jetbrains\kotlin\kotlin-stdlib-common\1.6.21\kotlin-stdlib-common-1.6.21.jar;d:\Programs\Maven\maven-repo\org\jetbrains\annotations\13.0\annotations-13.0.jar;d:\Programs\Maven\maven-repo\org\jetbrains\kotlin\kotlin-stdlib-jdk7\1.6.21\kotlin-stdlib-jdk7-1.6.21.jar;d:\Programs\Maven\maven-repo\org\springframework\boot\spring-boot-autoconfigure\2.6.11\spring-boot-autoconfigure-2.6.11.jar;d:\Programs\Maven\maven-repo\org\springframework\boot\spring-boot-starter-jdbc\2.6.11\spring-boot-starter-jdbc-2.6.11.jar;d:\Programs\Maven\maven-repo\com\zaxxer\HikariCP\4.0.3\HikariCP-4.0.3.jar;d:\Programs\Maven\maven-repo\org\springframework\spring-jdbc\5.3.22\spring-jdbc-5.3.22.jar;d:\Programs\Maven\maven-repo\mysql\mysql-connector-java\8.0.19\mysql-connector-java-8.0.19.jar;d:\Programs\Maven\maven-repo\com\google\protobuf\protobuf-java\3.6.1\protobuf-java-3.6.1.jar;d:\Programs\Maven\maven-repo\com\aliyun\oss\aliyun-sdk-oss\3.10.2\aliyun-sdk-oss-3.10.2.jar;d:\Programs\Maven\maven-repo\org\apache\httpcomponents\httpclient\4.5.13\httpclient-4.5.13.jar;d:\Programs\Maven\maven-repo\org\apache\httpcomponents\httpcore\4.4.15\httpcore-4.4.15.jar;d:\Programs\Maven\maven-repo\commons-codec\commons-codec\1.15\commons-codec-1.15.jar;d:\Programs\Maven\maven-repo\org\jdom\jdom2\2.0.6.1\jdom2-2.0.6.1.jar;d:\Programs\Maven\maven-repo\org\codehaus\jettison\jettison\1.1\jettison-1.1.jar;d:\Programs\Maven\maven-repo\stax\stax-api\1.0.1\stax-api-1.0.1.jar;d:\Programs\Maven\maven-repo\com\aliyun\aliyun-java-sdk-core\3.4.0\aliyun-java-sdk-core-3.4.0.jar;d:\Programs\Maven\maven-repo\com\aliyun\aliyun-java-sdk-ram\3.0.0\aliyun-java-sdk-ram-3.0.0.jar;d:\Programs\Maven\maven-repo\com\aliyun\aliyun-java-sdk-sts\3.0.0\aliyun-java-sdk-sts-3.0.0.jar;d:\Programs\Maven\maven-repo\com\aliyun\aliyun-java-sdk-ecs\4.2.0\aliyun-java-sdk-ecs-4.2.0.jar;d:\Programs\Maven\maven-repo\com\aliyun\aliyun-java-sdk-kms\2.7.0\aliyun-java-sdk-kms-2.7.0.jar;d:\Programs\Maven\maven-repo\org\springframework\boot\spring-boot-starter-aop\2.6.11\spring-boot-starter-aop-2.6.11.jar;d:\Programs\Maven\maven-repo\org\aspectj\aspectjweaver\1.9.7\aspectjweaver-1.9.7.jar;d:\Programs\Maven\maven-repo\com\alibaba\easyexcel\3.0.5\easyexcel-3.0.5.jar;d:\Programs\Maven\maven-repo\org\apache\poi\poi\4.1.2\poi-4.1.2.jar;d:\Programs\Maven\maven-repo\org\apache\commons\commons-collections4\4.4\commons-collections4-4.4.jar;d:\Programs\Maven\maven-repo\org\apache\commons\commons-math3\3.6.1\commons-math3-3.6.1.jar;d:\Programs\Maven\maven-repo\com\zaxxer\SparseBitSet\1.2\SparseBitSet-1.2.jar;d:\Programs\Maven\maven-repo\org\apache\poi\poi-ooxml\4.1.2\poi-ooxml-4.1.2.jar;d:\Programs\Maven\maven-repo\org\apache\commons\commons-compress\1.19\commons-compress-1.19.jar;d:\Programs\Maven\maven-repo\com\github\virtuald\curvesapi\1.06\curvesapi-1.06.jar;d:\Programs\Maven\maven-repo\org\apache\poi\poi-ooxml-schemas\4.1.2\poi-ooxml-schemas-4.1.2.jar;d:\Programs\Maven\maven-repo\org\apache\xmlbeans\xmlbeans\3.1.0\xmlbeans-3.1.0.jar;d:\Programs\Maven\maven-repo\org\apache\commons\commons-csv\1.8\commons-csv-1.8.jar;d:\Programs\Maven\maven-repo\cglib\cglib\3.3.0\cglib-3.3.0.jar;d:\Programs\Maven\maven-repo\org\ow2\asm\asm\7.1\asm-7.1.jar;d:\Programs\Maven\maven-repo\org\slf4j\slf4j-api\1.7.36\slf4j-api-1.7.36.jar;d:\Programs\Maven\maven-repo\org\ehcache\ehcache\3.9.9\ehcache-3.9.9.jar;d:\Programs\Maven\maven-repo\io\springfox\springfox-swagger2\2.9.2\springfox-swagger2-2.9.2.jar;d:\Programs\Maven\maven-repo\io\swagger\swagger-annotations\1.5.20\swagger-annotations-1.5.20.jar;d:\Programs\Maven\maven-repo\io\swagger\swagger-models\1.5.20\swagger-models-1.5.20.jar;d:\Programs\Maven\maven-repo\io\springfox\springfox-spi\2.9.2\springfox-spi-2.9.2.jar;d:\Programs\Maven\maven-repo\io\springfox\springfox-core\2.9.2\springfox-core-2.9.2.jar;d:\Programs\Maven\maven-repo\io\springfox\springfox-schema\2.9.2\springfox-schema-2.9.2.jar;d:\Programs\Maven\maven-repo\io\springfox\springfox-swagger-common\2.9.2\springfox-swagger-common-2.9.2.jar;d:\Programs\Maven\maven-repo\io\springfox\springfox-spring-web\2.9.2\springfox-spring-web-2.9.2.jar;d:\Programs\Maven\maven-repo\com\google\guava\guava\20.0\guava-20.0.jar;d:\Programs\Maven\maven-repo\com\fasterxml\classmate\1.5.1\classmate-1.5.1.jar;d:\Programs\Maven\maven-repo\org\springframework\plugin\spring-plugin-core\1.2.0.RELEASE\spring-plugin-core-1.2.0.RELEASE.jar;d:\Programs\Maven\maven-repo\org\springframework\plugin\spring-plugin-metadata\1.2.0.RELEASE\spring-plugin-metadata-1.2.0.RELEASE.jar;d:\Programs\Maven\maven-repo\org\mapstruct\mapstruct\1.2.0.Final\mapstruct-1.2.0.Final.jar;d:\Programs\Maven\maven-repo\io\springfox\springfox-swagger-ui\2.9.2\springfox-swagger-ui-2.9.2.jar;d:\Programs\Maven\maven-repo\javax\xml\bind\jaxb-api\2.3.1\jaxb-api-2.3.1.jar;d:\Programs\Maven\maven-repo\javax\activation\javax.activation-api\1.2.0\javax.activation-api-1.2.0.jar;d:\Programs\Maven\maven-repo\com\qiniu\qiniu-java-sdk\7.10.4\qiniu-java-sdk-7.10.4.jar;d:\Programs\Maven\maven-repo\org\projectlombok\lombok\1.18.24\lombok-1.18.24.jar;d:\Programs\Maven\maven-repo\com\squareup\okhttp3\okhttp\3.14.9\okhttp-3.14.9.jar;d:\Programs\Maven\maven-repo\com\squareup\okio\okio\1.17.2\okio-1.17.2.jar;d:\Programs\Maven\maven-repo\com\google\code\gson\gson\2.8.9\gson-2.8.9.jar;"/>
    <property name="sun.cpu.endian" value="little"/>
    <property name="user.home" value="C:\Users\admin"/>
    <property name="user.language" value="zh"/>
    <property name="java.specification.vendor" value="Oracle Corporation"/>
    <property name="java.version.date" value="2022-01-18"/>
    <property name="java.home" value="D:\Program Files\Java\jdk-17.0.2"/>
    <property name="file.separator" value="\"/>
    <property name="basedir" value="D:\AnzeBlog\AnzeBlog\Anze-blog"/>
    <property name="java.vm.compressedOopsMode" value="Zero based"/>
    <property name="line.separator" value="&#10;"/>
    <property name="java.vm.specification.vendor" value="Oracle Corporation"/>
    <property name="java.specification.name" value="Java Platform API Specification"/>
    <property name="FILE_LOG_CHARSET" value="GBK"/>
    <property name="java.awt.headless" value="true"/>
    <property name="surefire.real.class.path" value="C:\Users\admin\AppData\Local\Temp\surefire18186813346219470930\surefirebooter-20230514144802237_3.jar"/>
    <property name="user.script" value=""/>
    <property name="sun.management.compiler" value="HotSpot 64-Bit Tiered Compilers"/>
    <property name="java.runtime.version" value="17.0.2+8-LTS-86"/>
    <property name="user.name" value="admin"/>
    <property name="path.separator" value=";"/>
    <property name="os.version" value="10.0"/>
    <property name="java.runtime.name" value="Java(TM) SE Runtime Environment"/>
    <property name="file.encoding" value="GBK"/>
    <property name="spring.beaninfo.ignore" value="true"/>
    <property name="java.vm.name" value="Java HotSpot(TM) 64-Bit Server VM"/>
    <property name="localRepository" value="d:\Programs\Maven\maven-repo"/>
    <property name="java.vendor.url.bug" value="https://bugreport.java.com/bugreport/"/>
    <property name="java.io.tmpdir" value="C:\Users\admin\AppData\Local\Temp\"/>
    <property name="idea.version" value="2022.1.1"/>
    <property name="java.version" value="17.0.2"/>
    <property name="user.dir" value="D:\AnzeBlog\AnzeBlog\Anze-blog"/>
    <property name="os.arch" value="amd64"/>
    <property name="java.vm.specification.name" value="Java Virtual Machine Specification"/>
    <property name="PID" value="18196"/>
    <property name="sun.os.patch.level" value=""/>
    <property name="CONSOLE_LOG_CHARSET" value="GBK"/>
    <property name="native.encoding" value="GBK"/>
    <property name="java.library.path" value="D:\Program Files\Java\jdk-17.0.2\bin;C:\Windows\Sun\Java\bin;C:\Windows\system32;C:\Windows;C:\Windows\system32;C:\Windows;C:\Windows\System32\Wbem;C:\Windows\System32\WindowsPowerShell\v1.0\;C:\Windows\System32\OpenSSH\;C:\Program Files (x86)\NVIDIA Corporation\PhysX\Common;C:\Program Files\NVIDIA Corporation\NVIDIA NvDLISR;D:\Program Files\Java\jdk-17.0.2\bin;D:\MySQL\MySQL Server 8.0\bin;D:\Programs\vscode compiler\mingw64\bin;D:\Programs\Git\cmd;D:\Programs\apache-tomcat-9.0.72\lib;D:\Programs\apache-tomcat-9.0.72\bin;D:\Programs\apache-tomcat-9.0.72\lib\servlet-api.jar;D:\Programs\Maven\apache-maven-3.9.0\bin;C:\Program Files (x86)\Microsoft SQL Server\160\Tools\Binn\;C:\Program Files\Microsoft SQL Server\160\Tools\Binn\;C:\Program Files\Microsoft SQL Server\Client SDK\ODBC\170\Tools\Binn\;C:\Program Files\Microsoft SQL Server\160\DTS\Binn\;D:\Programs\node.js\;D:\Programs\redis\Redis-x64-5.0.14.1\;D:\MySQL\MySQL Shell 8.0\bin\;C:\Users\admin\AppData\Local\Programs\Python\Python310\Scripts\;C:\Users\admin\AppData\Local\Programs\Python\Python310\;C:\Users\admin\AppData\Local\Microsoft\WindowsApps;;D:\Programs\Microsoft VS Code\bin;C:\Users\admin\AppData\Roaming\npm;."/>
    <property name="java.vm.info" value="mixed mode, sharing"/>
    <property name="java.vendor" value="Oracle Corporation"/>
    <property name="java.vm.version" value="17.0.2+8-LTS-86"/>
    <property name="sun.io.unicode.encoding" value="UnicodeLittle"/>
    <property name="java.class.version" value="61.0"/>
  </properties>
  <testcase name="test" classname="com.anze.OSSTest" time="0.543">
    <system-out><![CDATA[14:48:03.061 [main] DEBUG org.springframework.test.context.BootstrapUtils - Instantiating CacheAwareContextLoaderDelegate from class [org.springframework.test.context.cache.DefaultCacheAwareContextLoaderDelegate]
14:48:03.071 [main] DEBUG org.springframework.test.context.BootstrapUtils - Instantiating BootstrapContext using constructor [public org.springframework.test.context.support.DefaultBootstrapContext(java.lang.Class,org.springframework.test.context.CacheAwareContextLoaderDelegate)]
14:48:03.107 [main] DEBUG org.springframework.test.context.BootstrapUtils - Instantiating TestContextBootstrapper for test class [com.anze.OSSTest] from class [org.springframework.boot.test.context.SpringBootTestContextBootstrapper]
14:48:03.118 [main] INFO org.springframework.boot.test.context.SpringBootTestContextBootstrapper - Neither @ContextConfiguration nor @ContextHierarchy found for test class [com.anze.OSSTest], using SpringBootContextLoader
14:48:03.123 [main] DEBUG org.springframework.test.context.support.AbstractContextLoader - Did not detect default resource location for test class [com.anze.OSSTest]: class path resource [com/anze/OSSTest-context.xml] does not exist
14:48:03.123 [main] DEBUG org.springframework.test.context.support.AbstractContextLoader - Did not detect default resource location for test class [com.anze.OSSTest]: class path resource [com/anze/OSSTestContext.groovy] does not exist
14:48:03.123 [main] INFO org.springframework.test.context.support.AbstractContextLoader - Could not detect default resource locations for test class [com.anze.OSSTest]: no resource found for suffixes {-context.xml, Context.groovy}.
14:48:03.124 [main] INFO org.springframework.test.context.support.AnnotationConfigContextLoaderUtils - Could not detect default configuration classes for test class [com.anze.OSSTest]: OSSTest does not declare any static, non-private, non-final, nested classes annotated with @Configuration.
14:48:03.185 [main] DEBUG org.springframework.test.context.support.ActiveProfilesUtils - Could not find an 'annotation declaring class' for annotation type [org.springframework.test.context.ActiveProfiles] and class [com.anze.OSSTest]
14:48:03.258 [main] DEBUG org.springframework.context.annotation.ClassPathScanningCandidateComponentProvider - Identified candidate component class: file [D:\AnzeBlog\AnzeBlog\Anze-blog\target\classes\com\anze\AnzeBlogApplication.class]
14:48:03.259 [main] INFO org.springframework.boot.test.context.SpringBootTestContextBootstrapper - Found @SpringBootConfiguration com.anze.AnzeBlogApplication for test class com.anze.OSSTest
14:48:03.362 [main] DEBUG org.springframework.boot.test.context.SpringBootTestContextBootstrapper - @TestExecutionListeners is not present for class [com.anze.OSSTest]: using defaults.
14:48:03.363 [main] INFO org.springframework.boot.test.context.SpringBootTestContextBootstrapper - Loaded default TestExecutionListener class names from location [META-INF/spring.factories]: [org.springframework.boot.test.mock.mockito.MockitoTestExecutionListener, org.springframework.boot.test.mock.mockito.ResetMocksTestExecutionListener, org.springframework.boot.test.autoconfigure.restdocs.RestDocsTestExecutionListener, org.springframework.boot.test.autoconfigure.web.client.MockRestServiceServerResetTestExecutionListener, org.springframework.boot.test.autoconfigure.web.servlet.MockMvcPrintOnlyOnFailureTestExecutionListener, org.springframework.boot.test.autoconfigure.web.servlet.WebDriverTestExecutionListener, org.springframework.boot.test.autoconfigure.webservices.client.MockWebServiceServerTestExecutionListener, org.springframework.test.context.web.ServletTestExecutionListener, org.springframework.test.context.support.DirtiesContextBeforeModesTestExecutionListener, org.springframework.test.context.event.ApplicationEventsTestExecutionListener, org.springframework.test.context.support.DependencyInjectionTestExecutionListener, org.springframework.test.context.support.DirtiesContextTestExecutionListener, org.springframework.test.context.transaction.TransactionalTestExecutionListener, org.springframework.test.context.jdbc.SqlScriptsTestExecutionListener, org.springframework.test.context.event.EventPublishingTestExecutionListener]
14:48:03.380 [main] INFO org.springframework.boot.test.context.SpringBootTestContextBootstrapper - Using TestExecutionListeners: [org.springframework.test.context.web.ServletTestExecutionListener@17aad511, org.springframework.test.context.support.DirtiesContextBeforeModesTestExecutionListener@487db668, org.springframework.test.context.event.ApplicationEventsTestExecutionListener@46944ca9, org.springframework.boot.test.mock.mockito.MockitoTestExecutionListener@22bac7bc, org.springframework.boot.test.autoconfigure.SpringBootDependencyInjectionTestExecutionListener@63798ca7, org.springframework.test.context.support.DirtiesContextTestExecutionListener@4612b856, org.springframework.test.context.transaction.TransactionalTestExecutionListener@22875539, org.springframework.test.context.jdbc.SqlScriptsTestExecutionListener@5674e1f2, org.springframework.test.context.event.EventPublishingTestExecutionListener@79c7532f, org.springframework.boot.test.mock.mockito.ResetMocksTestExecutionListener@2a448449, org.springframework.boot.test.autoconfigure.restdocs.RestDocsTestExecutionListener@32f232a5, org.springframework.boot.test.autoconfigure.web.client.MockRestServiceServerResetTestExecutionListener@43f82e78, org.springframework.boot.test.autoconfigure.web.servlet.MockMvcPrintOnlyOnFailureTestExecutionListener@e54303, org.springframework.boot.test.autoconfigure.web.servlet.WebDriverTestExecutionListener@e8df99a, org.springframework.boot.test.autoconfigure.webservices.client.MockWebServiceServerTestExecutionListener@2dc995f4]
14:48:03.384 [main] DEBUG org.springframework.test.context.support.AbstractDirtiesContextTestExecutionListener - Before test class: context [DefaultTestContext@28ec166e testClass = OSSTest, testInstance = [null], testMethod = [null], testException = [null], mergedContextConfiguration = [WebMergedContextConfiguration@2eee3069 testClass = OSSTest, locations = '{}', classes = '{class com.anze.AnzeBlogApplication}', contextInitializerClasses = '[]', activeProfiles = '{}', propertySourceLocations = '{}', propertySourceProperties = '{org.springframework.boot.test.context.SpringBootTestContextBootstrapper=true}', contextCustomizers = set[org.springframework.boot.test.context.filter.ExcludeFilterContextCustomizer@6c284af, org.springframework.boot.test.json.DuplicateJsonObjectContextCustomizerFactory$DuplicateJsonObjectContextCustomizer@31ea9581, org.springframework.boot.test.mock.mockito.MockitoContextCustomizer@0, org.springframework.boot.test.web.client.TestRestTemplateContextCustomizer@43df23d3, org.springframework.boot.test.autoconfigure.actuate.metrics.MetricsExportContextCustomizerFactory$DisableMetricExportContextCustomizer@35841320, org.springframework.boot.test.autoconfigure.properties.PropertyMappingContextCustomizer@0, org.springframework.boot.test.autoconfigure.web.servlet.WebDriverContextCustomizerFactory$Customizer@4007f65e, org.springframework.boot.test.context.SpringBootTestArgs@1, org.springframework.boot.test.context.SpringBootTestWebEnvironment@12405818], resourceBasePath = 'src/main/webapp', contextLoader = 'org.springframework.boot.test.context.SpringBootContextLoader', parent = [null]], attributes = map['org.springframework.test.context.web.ServletTestExecutionListener.activateListener' -> true]], class annotated with @DirtiesContext [false] with mode [null].

  .   ____          _            __ _ _
 /\\ / ___'_ __ _ _(_)_ __  __ _ \ \ \ \
( ( )\___ | '_ | '_| | '_ \/ _` | \ \ \ \
 \\/  ___)| |_)| | | | | || (_| |  ) ) ) )
  '  |____| .__|_| |_|_| |_\__, | / / / /
 =========|_|==============|___/=/_/_/_/
 :: Spring Boot ::               (v2.6.11)

2023-05-14 14:48:03.809  INFO 18196 --- [           main] com.anze.OSSTest                         : Starting OSSTest using Java 17.0.2 on LAPTOP-QAMB2AE5 with PID 18196 (started by admin in D:\AnzeBlog\AnzeBlog\Anze-blog)
2023-05-14 14:48:03.810  INFO 18196 --- [           main] com.anze.OSSTest                         : No active profile set, falling back to 1 default profile: "default"
2023-05-14 14:48:04.663  INFO 18196 --- [           main] .s.d.r.c.RepositoryConfigurationDelegate : Multiple Spring Data modules found, entering strict repository configuration mode
2023-05-14 14:48:04.668  INFO 18196 --- [           main] .s.d.r.c.RepositoryConfigurationDelegate : Bootstrapping Spring Data Redis repositories in DEFAULT mode.
2023-05-14 14:48:04.705  INFO 18196 --- [           main] .s.d.r.c.RepositoryConfigurationDelegate : Finished Spring Data repository scanning in 18 ms. Found 0 Redis repository interfaces.
Logging initialized using 'class org.apache.ibatis.logging.stdout.StdOutImpl' adapter.
Registered plugin: 'com.baomidou.mybatisplus.extension.plugins.MybatisPlusInterceptor@72b2c5ed'
Property 'mapperLocations' was not specified.
 _ _   |_  _ _|_. ___ _ |    _ 
| | |\/|_)(_| | |_\  |_)||_|_\ 
     /               |         
                        3.5.2 
2023-05-14 14:48:08.025  INFO 18196 --- [           main] o.s.s.web.DefaultSecurityFilterChain     : Will secure any request with [org.springframework.security.web.context.request.async.WebAsyncManagerIntegrationFilter@4e4bfd9c, org.springframework.security.web.context.SecurityContextPersistenceFilter@6edb1e9c, org.springframework.security.web.header.HeaderWriterFilter@4af0c50, org.springframework.web.filter.CorsFilter@43ee1cf7, com.anze.filter.JwtAuthenticationTokenFilter@24954e82, org.springframework.security.web.savedrequest.RequestCacheAwareFilter@56e8a8a0, org.springframework.security.web.servletapi.SecurityContextHolderAwareRequestFilter@1fba3fd6, org.springframework.security.web.authentication.AnonymousAuthenticationFilter@5b1f5fcc, org.springframework.security.web.session.SessionManagementFilter@6dd2e453, org.springframework.security.web.access.ExceptionTranslationFilter@69ab2d6a, org.springframework.security.web.access.intercept.FilterSecurityInterceptor@32428874]
2023-05-14 14:48:08.164  INFO 18196 --- [           main] com.anze.OSSTest                         : Started OSSTest in 4.734 seconds (JVM running for 5.814)
111
]]></system-out>
  </testcase>
</testsuite>